TN:
SF:src/query.js
FN:12,(anonymous_0)
FN:21,(anonymous_1)
FN:32,(anonymous_2)
FN:47,(anonymous_3)
FN:62,(anonymous_4)
FN:78,(anonymous_5)
FN:82,(anonymous_6)
FN:83,(anonymous_7)
FN:84,(anonymous_8)
FN:93,(anonymous_9)
FN:128,(anonymous_10)
FN:155,(anonymous_11)
FN:177,(anonymous_12)
FN:182,(anonymous_13)
FN:195,(anonymous_14)
FN:196,(anonymous_15)
FNF:16
FNH:12
FNDA:107,(anonymous_0)
FNDA:8,(anonymous_1)
FNDA:4,(anonymous_2)
FNDA:4,(anonymous_3)
FNDA:3,(anonymous_4)
FNDA:0,(anonymous_5)
FNDA:0,(anonymous_6)
FNDA:0,(anonymous_7)
FNDA:0,(anonymous_8)
FNDA:1,(anonymous_9)
FNDA:4,(anonymous_10)
FNDA:4,(anonymous_11)
FNDA:17,(anonymous_12)
FNDA:77,(anonymous_13)
FNDA:3,(anonymous_14)
FNDA:12,(anonymous_15)
DA:13,107
DA:22,8
DA:33,4
DA:35,4
DA:36,0
DA:39,4
DA:48,4
DA:49,0
DA:52,4
DA:63,3
DA:65,3
DA:66,0
DA:69,3
DA:79,0
DA:81,0
DA:82,0
DA:83,0
DA:84,0
DA:94,1
DA:96,1
DA:97,0
DA:100,1
DA:101,1
DA:103,1
DA:104,13
DA:105,12
DA:112,4
DA:116,13
DA:119,1
DA:129,4
DA:130,4
DA:132,4
DA:133,7
DA:140,3
DA:143,4
DA:146,1
DA:156,4
DA:157,4
DA:159,4
DA:160,9
DA:167,3
DA:170,6
DA:173,1
DA:177,1
DA:178,17
DA:180,17
DA:181,17
DA:182,14
DA:183,77
DA:186,14
DA:189,3
DA:191,3
DA:192,3
DA:195,3
DA:196,3
DA:197,12
DA:201,3
LF:57
LH:48
BRDA:33,0,0,4
BRDA:33,0,1,0
BRDA:35,1,0,0
BRDA:35,1,1,4
BRDA:48,2,0,0
BRDA:48,2,1,4
BRDA:63,3,0,3
BRDA:63,3,1,0
BRDA:65,4,0,0
BRDA:65,4,1,3
BRDA:79,5,0,0
BRDA:79,5,1,0
BRDA:83,6,0,0
BRDA:83,6,1,0
BRDA:83,6,2,0
BRDA:94,7,0,1
BRDA:94,7,1,1
BRDA:96,8,0,0
BRDA:96,8,1,1
BRDA:104,9,0,12
BRDA:104,9,1,1
BRDA:105,10,0,4
BRDA:105,10,1,8
BRDA:106,11,0,12
BRDA:106,11,1,4
BRDA:106,11,2,0
BRDA:106,11,3,4
BRDA:129,12,0,4
BRDA:129,12,1,4
BRDA:133,13,0,3
BRDA:133,13,1,4
BRDA:134,14,0,7
BRDA:134,14,1,3
BRDA:134,14,2,0
BRDA:134,14,3,3
BRDA:156,15,0,4
BRDA:156,15,1,4
BRDA:160,16,0,3
BRDA:160,16,1,6
BRDA:161,17,0,9
BRDA:161,17,1,3
BRDA:161,17,2,0
BRDA:161,17,3,3
BRDA:180,18,0,17
BRDA:180,18,1,14
BRDA:181,19,0,14
BRDA:181,19,1,3
BRDA:191,20,0,3
BRDA:191,20,1,0
BRF:49
BRH:34
end_of_record
TN:
SF:src/vdom.js
FN:11,(anonymous_0)
FN:22,notation
FN:42,(anonymous_2)
FN:50,(anonymous_3)
FN:111,(anonymous_4)
FN:135,(anonymous_5)
FN:155,(anonymous_6)
FN:174,(anonymous_7)
FN:177,(anonymous_8)
FN:186,(anonymous_9)
FN:202,(anonymous_10)
FN:204,(anonymous_11)
FN:217,(anonymous_12)
FN:219,(anonymous_13)
FNF:14
FNH:11
FNDA:19,(anonymous_0)
FNDA:19,notation
FNDA:6,(anonymous_2)
FNDA:10,(anonymous_3)
FNDA:2,(anonymous_4)
FNDA:2,(anonymous_5)
FNDA:6,(anonymous_6)
FNDA:19,(anonymous_7)
FNDA:0,(anonymous_8)
FNDA:0,(anonymous_9)
FNDA:18,(anonymous_10)
FNDA:1,(anonymous_11)
FNDA:4,(anonymous_12)
FNDA:0,(anonymous_13)
DA:11,1
DA:12,19
DA:13,19
DA:14,19
DA:15,19
DA:19,19
DA:23,19
DA:27,19
DA:29,19
DA:30,11
DA:34,8
DA:35,6
DA:38,8
DA:39,8
DA:40,8
DA:42,8
DA:43,6
DA:47,8
DA:48,8
DA:50,8
DA:51,10
DA:52,4
DA:54,6
DA:57,10
DA:60,8
DA:61,8
DA:62,4
DA:65,8
DA:66,4
DA:69,8
DA:73,19
DA:76,19
DA:77,5
DA:79,14
DA:82,19
DA:83,19
DA:84,20
DA:85,20
DA:90,4
DA:93,20
DA:94,4
DA:97,16
DA:98,1
DA:99,3
DA:100,3
DA:104,15
DA:111,19
DA:113,2
DA:114,0
DA:119,2
DA:120,8
DA:121,0
DA:124,8
DA:125,4
DA:127,4
DA:131,2
DA:135,19
DA:137,2
DA:138,0
DA:142,2
DA:145,2
DA:146,0
DA:148,2
DA:151,2
DA:155,19
DA:157,6
DA:158,0
DA:162,6
DA:163,0
DA:165,6
DA:167,6
DA:170,6
DA:174,19
DA:177,19
DA:178,0
DA:180,0
DA:182,0
DA:186,19
DA:187,0
DA:189,0
DA:191,0
DA:192,0
DA:195,0
DA:198,19
DA:202,18
DA:204,1
DA:206,1
DA:207,1
DA:210,1
DA:211,1
DA:214,1
DA:217,4
DA:219,1
DA:220,0
DA:221,0
DA:224,0
DA:225,0
DA:228,0
LF:98
LH:79
BRDA:19,0,0,19
BRDA:19,0,1,14
BRDA:29,1,0,11
BRDA:29,1,1,8
BRDA:29,2,0,19
BRDA:29,2,1,11
BRDA:51,3,0,4
BRDA:51,3,1,6
BRDA:61,4,0,4
BRDA:61,4,1,4
BRDA:65,5,0,4
BRDA:65,5,1,4
BRDA:76,6,0,5
BRDA:76,6,1,14
BRDA:82,7,0,19
BRDA:82,7,1,0
BRDA:84,8,0,20
BRDA:84,8,1,0
BRDA:85,9,0,4
BRDA:85,9,1,16
BRDA:86,10,0,20
BRDA:86,10,1,5
BRDA:86,10,2,4
BRDA:93,11,0,4
BRDA:93,11,1,16
BRDA:97,12,0,1
BRDA:97,12,1,15
BRDA:99,13,0,3
BRDA:99,13,1,0
BRDA:113,14,0,0
BRDA:113,14,1,2
BRDA:120,15,0,0
BRDA:120,15,1,8
BRDA:124,16,0,4
BRDA:124,16,1,4
BRDA:137,17,0,0
BRDA:137,17,1,2
BRDA:142,18,0,2
BRDA:142,18,1,2
BRDA:145,19,0,0
BRDA:145,19,1,2
BRDA:157,20,0,0
BRDA:157,20,1,6
BRDA:162,21,0,0
BRDA:162,21,1,6
BRDA:191,22,0,0
BRDA:191,22,1,0
BRF:47
BRH:36
end_of_record
