TN:
SF:src/query.js
FN:12,(anonymous_0)
FN:21,(anonymous_1)
FN:32,(anonymous_2)
FN:47,(anonymous_3)
FN:62,(anonymous_4)
FN:78,(anonymous_5)
FN:82,(anonymous_6)
FN:83,(anonymous_7)
FN:84,(anonymous_8)
FN:93,(anonymous_9)
FN:128,(anonymous_10)
FN:155,(anonymous_11)
FN:183,(anonymous_12)
FN:200,(anonymous_13)
FN:219,(anonymous_14)
FN:236,(anonymous_15)
FN:247,(anonymous_16)
FN:256,(anonymous_17)
FN:269,(anonymous_18)
FN:270,(anonymous_19)
FNF:20
FNH:20
FNDA:197,(anonymous_0)
FNDA:21,(anonymous_1)
FNDA:8,(anonymous_2)
FNDA:11,(anonymous_3)
FNDA:5,(anonymous_4)
FNDA:11,(anonymous_5)
FNDA:37,(anonymous_6)
FNDA:22,(anonymous_7)
FNDA:21,(anonymous_8)
FNDA:3,(anonymous_9)
FNDA:8,(anonymous_10)
FNDA:8,(anonymous_11)
FNDA:8,(anonymous_12)
FNDA:4,(anonymous_13)
FNDA:2,(anonymous_14)
FNDA:2,(anonymous_15)
FNDA:38,(anonymous_16)
FNDA:106,(anonymous_17)
FNDA:6,(anonymous_18)
FNDA:18,(anonymous_19)
DA:13,197
DA:22,21
DA:33,8
DA:35,8
DA:36,4
DA:39,4
DA:48,11
DA:49,1
DA:52,10
DA:63,5
DA:65,5
DA:66,1
DA:69,4
DA:79,11
DA:81,11
DA:82,37
DA:83,22
DA:84,21
DA:94,3
DA:96,3
DA:97,1
DA:100,2
DA:101,2
DA:103,2
DA:104,26
DA:105,24
DA:112,5
DA:116,26
DA:119,2
DA:129,8
DA:130,8
DA:132,8
DA:133,22
DA:140,6
DA:143,16
DA:146,2
DA:156,8
DA:157,8
DA:159,8
DA:160,26
DA:167,6
DA:170,20
DA:173,2
DA:184,8
DA:185,4
DA:187,4
DA:190,8
DA:201,4
DA:202,2
DA:204,2
DA:207,4
DA:220,2
DA:221,1
DA:223,1
DA:226,2
DA:237,2
DA:238,1
DA:240,1
DA:243,2
DA:247,1
DA:248,38
DA:249,9
DA:252,29
DA:254,29
DA:255,29
DA:256,23
DA:257,106
DA:260,23
DA:263,6
DA:265,6
DA:266,6
DA:269,6
DA:270,6
DA:271,18
DA:275,6
LF:75
LH:75
BRDA:33,0,0,8
BRDA:33,0,1,4
BRDA:35,1,0,4
BRDA:35,1,1,4
BRDA:48,2,0,1
BRDA:48,2,1,10
BRDA:63,3,0,5
BRDA:63,3,1,1
BRDA:65,4,0,1
BRDA:65,4,1,4
BRDA:79,5,0,11
BRDA:79,5,1,10
BRDA:83,6,0,22
BRDA:83,6,1,2
BRDA:83,6,2,21
BRDA:94,7,0,3
BRDA:94,7,1,2
BRDA:96,8,0,1
BRDA:96,8,1,2
BRDA:104,9,0,24
BRDA:104,9,1,2
BRDA:105,10,0,5
BRDA:105,10,1,19
BRDA:106,11,0,24
BRDA:106,11,1,8
BRDA:106,11,2,4
BRDA:106,11,3,7
BRDA:129,12,0,8
BRDA:129,12,1,6
BRDA:133,13,0,6
BRDA:133,13,1,16
BRDA:134,14,0,22
BRDA:134,14,1,11
BRDA:134,14,2,6
BRDA:134,14,3,10
BRDA:156,15,0,8
BRDA:156,15,1,6
BRDA:160,16,0,6
BRDA:160,16,1,20
BRDA:161,17,0,26
BRDA:161,17,1,11
BRDA:161,17,2,6
BRDA:161,17,3,10
BRDA:184,18,0,4
BRDA:184,18,1,4
BRDA:201,19,0,2
BRDA:201,19,1,2
BRDA:220,20,0,1
BRDA:220,20,1,1
BRDA:237,21,0,1
BRDA:237,21,1,1
BRDA:248,22,0,9
BRDA:248,22,1,29
BRDA:254,23,0,29
BRDA:254,23,1,23
BRDA:255,24,0,23
BRDA:255,24,1,6
BRDA:265,25,0,6
BRDA:265,25,1,0
BRF:59
BRH:58
end_of_record
TN:
SF:src/vdom.js
FN:11,(anonymous_0)
FN:22,notation
FN:42,(anonymous_2)
FN:50,(anonymous_3)
FN:111,(anonymous_4)
FN:135,(anonymous_5)
FN:150,(anonymous_6)
FN:165,(anonymous_7)
FN:168,(anonymous_8)
FN:177,(anonymous_9)
FN:189,(anonymous_10)
FN:191,(anonymous_11)
FN:204,(anonymous_12)
FN:206,(anonymous_13)
FNF:14
FNH:14
FNDA:36,(anonymous_0)
FNDA:36,notation
FNDA:8,(anonymous_2)
FNDA:10,(anonymous_3)
FNDA:5,(anonymous_4)
FNDA:9,(anonymous_5)
FNDA:10,(anonymous_6)
FNDA:36,(anonymous_7)
FNDA:1,(anonymous_8)
FNDA:3,(anonymous_9)
FNDA:34,(anonymous_10)
FNDA:1,(anonymous_11)
FNDA:4,(anonymous_12)
FNDA:1,(anonymous_13)
DA:11,2
DA:12,36
DA:13,36
DA:14,36
DA:15,36
DA:19,36
DA:23,36
DA:27,36
DA:29,36
DA:30,27
DA:34,9
DA:35,8
DA:38,9
DA:39,9
DA:40,9
DA:42,9
DA:43,8
DA:47,9
DA:48,9
DA:50,9
DA:51,10
DA:52,4
DA:54,6
DA:57,10
DA:60,9
DA:61,9
DA:62,5
DA:65,9
DA:66,5
DA:69,9
DA:73,36
DA:76,36
DA:77,5
DA:79,31
DA:82,36
DA:83,36
DA:84,22
DA:85,22
DA:90,4
DA:93,22
DA:94,4
DA:97,18
DA:98,1
DA:99,3
DA:100,3
DA:104,17
DA:111,36
DA:113,5
DA:114,2
DA:119,5
DA:120,11
DA:121,1
DA:124,10
DA:125,5
DA:127,5
DA:131,5
DA:135,36
DA:137,9
DA:140,9
DA:141,1
DA:143,8
DA:146,9
DA:150,36
DA:152,10
DA:153,3
DA:157,7
DA:159,7
DA:161,7
DA:165,36
DA:168,36
DA:169,1
DA:171,1
DA:173,1
DA:177,36
DA:178,3
DA:180,3
DA:182,3
DA:185,36
DA:189,34
DA:191,2
DA:193,1
DA:194,1
DA:197,1
DA:198,1
DA:201,1
DA:204,4
DA:206,2
DA:207,1
DA:208,1
DA:211,1
DA:212,7
DA:215,1
LF:92
LH:92
BRDA:19,0,0,36
BRDA:19,0,1,31
BRDA:29,1,0,27
BRDA:29,1,1,9
BRDA:29,2,0,36
BRDA:29,2,1,27
BRDA:51,3,0,4
BRDA:51,3,1,6
BRDA:61,4,0,5
BRDA:61,4,1,4
BRDA:65,5,0,5
BRDA:65,5,1,4
BRDA:76,6,0,5
BRDA:76,6,1,31
BRDA:82,7,0,36
BRDA:82,7,1,0
BRDA:84,8,0,22
BRDA:84,8,1,0
BRDA:85,9,0,4
BRDA:85,9,1,18
BRDA:86,10,0,22
BRDA:86,10,1,5
BRDA:86,10,2,4
BRDA:93,11,0,4
BRDA:93,11,1,18
BRDA:97,12,0,1
BRDA:97,12,1,17
BRDA:99,13,0,3
BRDA:99,13,1,0
BRDA:113,14,0,2
BRDA:113,14,1,3
BRDA:120,15,0,1
BRDA:120,15,1,10
BRDA:124,16,0,5
BRDA:124,16,1,5
BRDA:137,17,0,9
BRDA:137,17,1,8
BRDA:140,18,0,1
BRDA:140,18,1,8
BRDA:152,19,0,3
BRDA:152,19,1,7
BRDA:182,20,0,3
BRDA:182,20,1,0
BRF:43
BRH:39
end_of_record
